Arguments: 
  /usr/local/Cellar/node/15.0.1/bin/node /Users/knarf/.npm/_npx/97fe0ac6ea3bd86d/node_modules/@sanity/cli/vendor/yarn install --json --non-interactive --ignore-engines --registry https://registry.npmjs.org

PATH: 
  /Users/knarf/projects/sanity-tst2/packages/cms/node_modules/.bin:/Users/knarf/projects/sanity-tst2/packages/node_modules/.bin:/Users/knarf/projects/sanity-tst2/node_modules/.bin:/Users/knarf/projects/node_modules/.bin:/Users/knarf/node_modules/.bin:/Users/node_modules/.bin:/node_modules/.bin:/usr/local/Cellar/node/15.0.1/bin:/Users/knarf/.npm/_npx/97fe0ac6ea3bd86d/node_modules/vendor:/Users/knarf/projects/sanity-tst2/packages/cms/node_modules/.bin:/Users/knarf/projects/sanity-tst2/packages/node_modules/.bin:/Users/knarf/projects/sanity-tst2/node_modules/.bin:/Users/knarf/projects/node_modules/.bin:/Users/knarf/node_modules/.bin:/Users/node_modules/.bin:/node_modules/.bin:/usr/local/lib/node_modules/npm/node_modules/@npmcli/run-script/lib/node-gyp-bin:/Users/knarf/.npm/_npx/97fe0ac6ea3bd86d/node_modules/.bin:/usr/local/sbin:/Users/knarf/.yarn/bin:/Users/knarf/.config/yarn/global/node_modules/.bin:/Users/knarf/.cargo/bin:/usr/local/bin:/usr/bin:/bin:/usr/sbin:/sbin:/Library/TeX/texbin:/usr/local/sbin:/Users/knarf/.yarn/bin:/Users/knarf/.config/yarn/global/node_modules/.bin:/Users/knarf/.cargo/bin:/usr/local/git/bin:/Users/knarf/Dropbox/Projects/depot_tools:/Users/knarf/bin:/Users/knarf/Library/Haskell/bin:./node_modules/.bin:./vendor/bin:/Users/knarf/.cabal/bin:/usr/local/heroku/bin:/Users/knarf/Dropbox/golang/bin:/usr/bin:/bin:/usr/sbin:/sbin:/usr/local/bin:/usr/local/git/bin:/Users/knarf/Dropbox/Projects/depot_tools:/Users/knarf/bin:/Users/knarf/Library/Haskell/bin:./node_modules/.bin:./vendor/bin:/Users/knarf/.cargo/bin:/Users/knarf/.cabal/bin:/usr/local/heroku/bin:/Users/knarf/Dropbox/golang/bin

Yarn version: 
  1.6.0

Node version: 
  15.0.1

Platform: 
  darwin x64

Trace: 
  SyntaxError: Unknown token: { line: 3, col: 2, type: 'INVALID', value: undefined } 3:2 in /Users/knarf/projects/sanity-tst2/yarn.lock
      at Parser.unexpected (/Users/knarf/.npm/_npx/97fe0ac6ea3bd86d/node_modules/@sanity/cli/vendor/yarn:62317:11)
      at Parser.parse (/Users/knarf/.npm/_npx/97fe0ac6ea3bd86d/node_modules/@sanity/cli/vendor/yarn:62448:14)
      at parse (/Users/knarf/.npm/_npx/97fe0ac6ea3bd86d/node_modules/@sanity/cli/vendor/yarn:62519:17)
      at module.exports.exports.default (/Users/knarf/.npm/_npx/97fe0ac6ea3bd86d/node_modules/@sanity/cli/vendor/yarn:62083:96)
      at Function.<anonymous> (/Users/knarf/.npm/_npx/97fe0ac6ea3bd86d/node_modules/@sanity/cli/vendor/yarn:2410:63)
      at Generator.next (<anonymous>)
      at step (/Users/knarf/.npm/_npx/97fe0ac6ea3bd86d/node_modules/@sanity/cli/vendor/yarn:128:30)
      at /Users/knarf/.npm/_npx/97fe0ac6ea3bd86d/node_modules/@sanity/cli/vendor/yarn:139:13

npm manifest: 
  {
    "name": "mysanityproject",
    "private": true,
    "version": "1.0.0",
    "description": "",
    "main": "package.json",
    "author": "Frank Lyder Bredland <frank@alv.no>",
    "license": "UNLICENSED",
    "scripts": {
      "start": "sanity start",
      "test": "sanity check"
    },
    "keywords": [
      "sanity"
    ],
    "dependencies": {
      "@sanity/base": "^2.0.7",
      "@sanity/components": "^2.0.7",
      "@sanity/core": "^2.0.5",
      "@sanity/default-layout": "^2.0.7",
      "@sanity/default-login": "^2.0.5",
      "@sanity/desk-tool": "^2.0.8",
      "@sanity/google-maps-input": "^2.0.7",
      "@sanity/vision": "^2.0.5",
      "prop-types": "^15.6",
      "react": "^16.2",
      "react-dom": "^16.2",
      "react-icons": "^3.11.0"
    },
    "devDependencies": {}
  }

yarn manifest: 
  No manifest

Lockfile: 
  # This file is generated by running "yarn install" inside your project.
  # Manual changes might be lost - proceed with caution!
  
  __metadata:
    version: 4
  
  "root-workspace-0b6124@workspace:.":
    version: 0.0.0-use.local
    resolution: "root-workspace-0b6124@workspace:."
    languageName: unknown
    linkType: soft
